<?xml version="1.0" encoding="UTF-8"?>
<!-- Generated by org.testng.reporters.JUnitXMLReporter -->
<testsuite hostname="MacBook-Pro-Pras.local" ignored="0" name="Default test" tests="3" failures="0" timestamp="15 Nov 2018 12:55:51 GMT" time="3.815" errors="0">
  <testcase name="run_post_register" time="2.538" classname="test.tcPost.post_register_web"/>
  <testcase name="run_post_login" time="0.105" classname="test.tcPost.post_register_web"/>
  <testcase name="getuserprofile_web" time="0.266" classname="test.tcPost.post_register_web"/>
</testsuite> <!-- Default test -->
